<?xml version="1.0" encoding="UTF-8"?>
<!-- Generated by org.testng.reporters.JUnitReportReporter -->
<testsuite hostname="Imran-PC" failures="0" tests="3" name="testcases.SimplilearnLoginTest" time="29.750" errors="0" timestamp="18 Sep 2022 04:17:00 GMT" skipped="0">
  <testcase classname="testcases.SimplilearnLoginTest" name="Test3" time="10.114"/>
  <testcase classname="testcases.SimplilearnLoginTest" name="Test2" time="9.726"/>
  <testcase classname="testcases.SimplilearnLoginTest" name="Test1" time="9.910"/>
</testsuite> <!-- testcases.SimplilearnLoginTest -->
