<?xml version="1.0" encoding="UTF-8"?>
<!-- Generated by org.testng.reporters.JUnitReportReporter -->
<testsuite hostname="Imran-PC" failures="0" tests="1" name="testcases.HomeTest" time="5.333" errors="0" timestamp="2022-09-11T11:00:42 IST" skipped="0">
  <testcase classname="testcases.HomeTest" name="Test1" time="5.333"/>
  <system-out/>
</testsuite> <!-- testcases.HomeTest -->
