<?xml version="1.0" encoding="UTF-8"?>
<!-- Generated by org.testng.reporters.JUnitReportReporter -->
<testsuite hostname="Imran-PC" failures="0" tests="2" name="testcases.SimplilearnLoginTest" time="16.826" errors="0" timestamp="2022-09-10T12:31:20 IST" skipped="0">
  <testcase classname="testcases.SimplilearnLoginTest" name="Test1" time="8.963"/>
  <system-out/>
  <testcase classname="testcases.SimplilearnLoginTest" name="Test2" time="7.863"/>
  <system-out/>
</testsuite> <!-- testcases.SimplilearnLoginTest -->
