<?xml version="1.0" encoding="UTF-8"?>
<!-- Generated by org.testng.reporters.JUnitReportReporter -->
<testsuite hostname="Imran-PC" failures="0" tests="3" name="testcases.SimplilearnLoginTest" time="28.139" errors="0" timestamp="18 Sep 2022 06:36:24 GMT" skipped="0">
  <testcase classname="testcases.SimplilearnLoginTest" name="Test3" time="8.932"/>
  <testcase classname="testcases.SimplilearnLoginTest" name="Test1" time="10.296"/>
  <testcase classname="testcases.SimplilearnLoginTest" name="Test2" time="8.911"/>
</testsuite> <!-- testcases.SimplilearnLoginTest -->
