<?xml version="1.0" encoding="UTF-8"?>
<!-- Generated by org.testng.reporters.JUnitReportReporter -->
<testsuite hostname="Imran-PC" failures="0" tests="1" name="testcases.HomeTest" time="3.703" errors="0" timestamp="2022-09-10T12:31:20 IST" skipped="0">
  <testcase classname="testcases.HomeTest" name="Test1" time="3.703"/>
  <system-out/>
</testsuite> <!-- testcases.HomeTest -->
